make all --print-data-base --no-builtin-variables --no-builtin-rules --question
make: *** No rule to make target 'all'.  Stop.

# GNU Make 4.1
# Built for x86_64-pc-linux-gnu
# Copyright (C) 1988-2014 Free Software Foundation, Inc.
# License GPLv3+: GNU GPL version 3 or later <http://gnu.org/licenses/gpl.html>
# This is free software: you are free to change and redistribute it.
# There is NO WARRANTY, to the extent permitted by law.

# Make data base, printed on Fri May 27 14:46:14 2022

# Variables

# automatic
<D = $(patsubst %/,%,$(dir $<))
# automatic
?F = $(notdir $?)
# environment
DESKTOP_SESSION = ubuntu
# default
.SHELLFLAGS := -c
# environment
SNAP_COMMON = /var/snap/code/common
# environment
XDG_SESSION_TYPE = x11
# environment
VSCODE_LOG_NATIVE = false
# environment
UPSTART_INSTANCE = 
# makefile (from 'makefile', line 17)
TARGET = ffm_app_2
# automatic
?D = $(patsubst %/,%,$(dir $?))
# automatic
@D = $(patsubst %/,%,$(dir $@))
# environment
XAUTHORITY = /home/nick/.Xauthority
# environment
GDMSESSION = ubuntu
# environment
XMODIFIERS = @im=fcitx
# makefile
CURDIR := /home/nick/linux/PRO/M300/ffm_app
# makefile
SHELL = /bin/sh
# environment
SNAP_DATA = /var/snap/code/97
# environment
UPSTART_JOB = unity7
# environment
VSCODE_NLS_CONFIG = {"locale":"zh-cn","availableLanguages":{"*":"zh-cn"},"_languagePackId":"42e84e0914b17800d483f69e299e1b00.zh-cn","_translationsConfigFile":"/home/nick/.config/Code/clp/42e84e0914b17800d483f69e299e1b00.zh-cn/tcf.json","_cacheRoot":"/home/nick/.config/Code/clp/42e84e0914b17800d483f69e299e1b00.zh-cn","_resolvedLanguagePackCoreLocation":"/home/nick/.config/Code/clp/42e84e0914b17800d483f69e299e1b00.zh-cn/c3511e6c69bb39013c4a4b7b9566ec1ca73fc4d5","_corruptedFile":"/home/nick/.config/Code/clp/42e84e0914b17800d483f69e299e1b00.zh-cn/corrupted.info","_languagePackSupport":true}
# environment
_ = /snap/code/97/usr/share/code/code
# environment
XDG_CONFIG_DIRS = /etc/xdg/xdg-ubuntu:/usr/share/upstart/xdg:/etc/xdg
# makefile (from 'makefile', line 35)
CPPOBJS :=  obj/ffmpegprocess.o  obj/mythread.o  obj/cyclebuffer.o
# environment
SNAP_INSTANCE_NAME = code
# environment
SNAP_ARCH = amd64
# makefile (from 'makefile', line 1)
MAKEFILE_LIST :=  makefile
# automatic
@F = $(notdir $@)
# environment
GIO_LAUNCHED_DESKTOP_FILE = /var/lib/snapd/desktop/applications/code_code.desktop
# 'override' directive
GNUMAKEFLAGS := 
# environment
SESSIONTYPE = gnome-session
# environment
MANDATORY_PATH = /usr/share/gconf/ubuntu.mandatory.path
# environment
XDG_DATA_DIRS = /usr/share/ubuntu:/usr/share/gnome:/usr/local/share:/usr/share:/var/lib/snapd/desktop
# makefile (from 'makefile', line 12)
SRCDIRS := project ffmpeg mylib v4l2dec 
# environment
DBUS_SESSION_BUS_ADDRESS = unix:abstract=/tmp/dbus-2kN1vFX6x8
# environment
VSCODE_VERBOSE_LOGGING = true
# makefile (from 'makefile', line 37)
OBJS :=  obj/main.o  obj/wifi_ctrl.o  obj/color_convert.o  obj/v4l2.o  obj/v4l2h264dec.o  obj/ffmpegprocess.o  obj/mythread.o  obj/cyclebuffer.o
# environment
UNITY_DEFAULT_PROFILE = unity
# environment
CLUTTER_IM_MODULE = xim
# environment
LESSOPEN = | /usr/bin/lesspipe %s
# environment
VSCODE_CWD = /home/nick
# environment
XDG_SESSION_PATH = /org/freedesktop/DisplayManager/Session0
# environment
GSETTINGS_SCHEMA_DIR = /snap/code/97/usr/share/glib-2.0/schemas
# default
MAKE_HOST := x86_64-pc-linux-gnu
# environment
PATH = /home/nick/bin:/home/nick/.local/bin:/home/nick/bin:/home/nick/.local/bin:/usr/local/sbin:/usr/local/bin:/usr/sbin:/usr/bin:/sbin:/bin:/usr/games:/usr/local/games:/snap/bin:/usr/local/lib:/home/nick/M300/ingenic-linux-kernel4.4.94-M300-v5.0-20220217/prebuilts/toolchains/mips-gcc720-glibc229/bin/:/usr/local/lib:/home/nick/M300/ingenic-linux-kernel4.4.94-M300-v5.0-20220217/prebuilts/toolchains/mips-gcc720-glibc229/bin/
# environment
UNITY_HAS_3D_SUPPORT = true
# environment
GPG_AGENT_INFO = /home/nick/.gnupg/S.gpg-agent:0:1
# environment
SESSION_MANAGER = local/nick-virtual-machine:@/tmp/.ICE-unix/2076,unix/nick-virtual-machine:/tmp/.ICE-unix/2076
# environment
XDG_RUNTIME_DIR = /run/user/1000
# environment
GDK_PIXBUF_MODULE_FILE = /home/nick/snap/code/common/.cache/gdk-pixbuf-loaders.cache
# environment
SNAP = /snap/code/97
# makefile (from 'makefile', line 4)
MIPSOBJCOPY := mips-linux-gnu-objcopy
# makefile (from 'makefile', line 39)
VPATH := project ffmpeg mylib v4l2dec 
# environment
SNAP_VERSION = c3511e6c
# environment
XDG_MENU_PREFIX = gnome-
# environment
VSCODE_LOG_STACK = false
# environment
DISABLE_WAYLAND = 1
# environment
ELECTRON_RUN_AS_NODE = 1
# environment
GDK_PIXBUF_MODULEDIR = /snap/code/97/usr/lib/x86_64-linux-gnu/gdk-pixbuf-2.0/2.10.0/loaders
# default
.FEATURES := target-specific order-only second-expansion else-if shortest-stem undefine oneshell archives jobserver output-sync check-symlink load
# environment
SESSION = ubuntu
# environment
XDG_GREETER_DATA_DIR = /var/lib/lightdm-data/nick
# environment
LS_COLORS = 
# environment
JOB = unity-settings-daemon
# environment
XDG_SESSION_DESKTOP = ubuntu
# environment
SSH_AUTH_SOCK = /run/user/1000/keyring/ssh
# environment
GIO_LAUNCHED_DESKTOP_FILE_PID = 111914
# automatic
%F = $(notdir $%)
# environment
DISPLAY = :0
# environment
GTK_IM_MODULE = xim
# environment
VSCODE_PIPE_LOGGING = true
# environment
SNAP_INSTANCE_KEY = 
# environment
PWD = /home/nick/linux/PRO/M300/ffm_app
# environment
QT_QPA_PLATFORMTHEME = appmenu-qt5
# environment
XDG_SEAT = seat0
# makefile (from 'makefile', line 3)
MIPSLD := mips-linux-gnu-ld
# environment
GDM_LANG = zh_CN
# environment
ORIGINAL_XDG_CURRENT_DESKTOP = Unity
# environment
GTK_MODULES = gail:atk-bridge:unity-gtk-module
# environment
VSCODE_AMD_ENTRYPOINT = vs/workbench/api/node/extensionHostProcess
# environment
HOME = /home/nick
# environment
LESSCLOSE = /usr/bin/lesspipe %s %s
# environment
VSCODE_CLI = 1
# environment
VSCODE_CODE_CACHE_PATH = /home/nick/.config/Code/CachedData/c3511e6c69bb39013c4a4b7b9566ec1ca73fc4d5
# environment
LOGNAME = nick
# environment
QT_LINUX_ACCESSIBILITY_ALWAYS_ON = 1
# environment
APPLICATION_INSIGHTS_NO_DIAGNOSTIC_CHANNEL = 1
# environment
SNAP_LIBRARY_PATH = /var/lib/snapd/lib/gl:/var/lib/snapd/lib/gl32:/var/lib/snapd/void
# environment
SNAP_CONTEXT = --1xd1ztTxX23AYsWw0NSxwWxSOdV01aKpB-xLQ3gfDc2Rtdt21M
# environment
ELECTRON_NO_ATTACH_CONSOLE = 1
# environment
SNAP_USER_COMMON = /home/nick/snap/code/common
# environment
VSCODE_HANDLES_UNCAUGHT_ERRORS = true
# default
MAKE_VERSION := 4.1
# environment
GNOME_DESKTOP_SESSION_ID = this-is-deprecated
# automatic
^D = $(patsubst %/,%,$(dir $^))
# environment
XDG_VTNR = 7
# environment
MAKELEVEL := 0
# environment
SNAP_REAL_HOME = /home/nick
# default
MAKE = $(MAKE_COMMAND)
# default
MAKECMDGOALS := all
# environment
QT_IM_MODULE = xim
# makefile (from 'makefile', line 34)
COBJS :=  obj/main.o  obj/wifi_ctrl.o  obj/color_convert.o  obj/v4l2.o  obj/v4l2h264dec.o
# environment
SNAP_USER_DATA = /home/nick/snap/code/97
# environment
SHLVL = 1
# makefile (from 'makefile', line 32)
CPPFILE := ffmpegprocess.cpp mythread.cpp cyclebuffer.cpp
# environment
IM_CONFIG_PHASE = 1
# environment
VSCODE_IPC_HOOK_EXTHOST = /run/user/1000/vscode-ipc-d1222566-7f2d-46b1-b097-1a57fcf399c3.sock
# environment
COMPIZ_CONFIG_PROFILE = ubuntu
# environment
XDG_SESSION_ID = c2
# environment
USER = nick
# environment
SNAP_REVISION = 97
# makefile
.DEFAULT_GOAL := ffm_app_2
# makefile (from 'makefile', line 21)
INCLUDE :=  -I project  -I ffmpeg  -I mylib  -I v4l2dec -I /home/nick/M300/usr/include     
# environment
XDG_CURRENT_DESKTOP = Unity
# environment
UPSTART_EVENTS = xsession started
# makefile (from 'makefile', line 30)
CFILE := main.c wifi_ctrl.c color_convert.c v4l2.c v4l2h264dec.c
# automatic
%D = $(patsubst %/,%,$(dir $%))
# environment
GNOME_KEYRING_PID = 
# makefile (from 'makefile', line 7)
INCDIRS := project ffmpeg mylib v4l2dec 
# default
MAKE_COMMAND := make
# default
.VARIABLES := 
# automatic
*F = $(notdir $*)
# environment
LANGUAGE = zh_CN:zh
# environment
XDG_SEAT_PATH = /org/freedesktop/DisplayManager/Seat0
# environment
VSCODE_IPC_HOOK = /run/user/1000/vscode-dc656a11-1.67.2-main.sock
# environment
BAMF_DESKTOP_FILE_HINT = /var/lib/snapd/desktop/applications/code_code.desktop
# environment
GNOME_KEYRING_CONTROL = 
# makefile (from 'makefile', line 1)
MIPSGCC := mips-linux-gnu-gcc
# makefile
MAKEFLAGS = pqrR
# makefile (from 'makefile', line 27)
CPPFILESDIR :=    ffmpeg/ffmpegprocess.cpp  mylib/mythread.cpp mylib/cyclebuffer.cpp  
# environment
MFLAGS = -pqrR
# automatic
*D = $(patsubst %/,%,$(dir $*))
# automatic
+D = $(patsubst %/,%,$(dir $+))
# environment
GDK_BACKEND = x11
# automatic
+F = $(notdir $+)
 
# environment
GTK2_MODULES = overlay-scrollbar
# makefile (from 'makefile', line 24)
CFILESDIR :=  project/main.c    mylib/wifi_ctrl.c  v4l2dec/color_convert.c v4l2dec/v4l2.c v4l2dec/v4l2h264dec.c
# environment
QT_ACCESSIBILITY = 1
# makefile (from 'makefile', line 18)
CFLAG = 
# environment
COMPIZ_BIN_PATH = /usr/bin/
# environment
DEFAULTS_PATH = /usr/share/gconf/ubuntu.default.path
# makefile (from 'makefile', line 2)
MIPSGPP := mips-linux-gnu-g++
# default
MAKEFILES := 
# environment
UPSTART_SESSION = unix:abstract=/com/ubuntu/upstart-session/1000/1841
# environment
SNAP_COOKIE = --1xd1ztTxX23AYsWw0NSxwWxSOdV01aKpB-xLQ3gfDc2Rtdt21M
# automatic
<F = $(notdir $<)
# environment
INSTANCE = 
# environment
SNAP_NAME = code
# environment
LC_ALL = C
# environment
QT4_IM_MODULE = xim
# automatic
^F = $(notdir $^)
# default
SUFFIXES := 
# environment
SNAP_REEXEC = 
# environment
CHROME_DESKTOP = code-url-handler.desktop
# default
.INCLUDE_DIRS = /usr/include /usr/local/include /usr/include
# makefile (from 'makefile', line 5)
MIPSOBJDUMP := mips-linux-gnu-objdump
# default
.RECIPEPREFIX := 
# environment
LANG = C
# environment
VSCODE_PID = 111963
# variable set hash-table stats:
# Load=157/1024=15%, Rehash=0, Collisions=30/198=15%

# Pattern-specific Variable Values

# No pattern-specific variable values.

# Directories

# mylib (device 2050, inode 416050): 7 files, no impossibilities.
# . (device 2050, inode 406700): 15 files, no impossibilities.
# v4l2dec (device 2050, inode 416051): 6 files, no impossibilities.
# project (device 2050, inode 416061): 3 files, no impossibilities.
# ffmpeg (device 2050, inode 416049): 4 files, no impossibilities.

# 35 files, no impossibilities in 5 directories.
 

# Implicit Rules

# No implicit rules.

# Files

# Not a target:
all:
#  Command line target.
#  Implicit rule search has been done.
#  File does not exist.
#  File has not been updated.

# Not a target:
wifi_ctrl.c:
#  Implicit rule search has not been done.
#  Modification time never checked.
#  File has not been updated.

.PHONY: clean
#  Implicit rule search has not been done.
#  Modification time never checked.
#  File has not been updated.

# Not a target:
main.c:
#  Implicit rule search has not been done.
#  Modification time never checked.
#  File has not been updated.

ffm_app_2: obj/main.o obj/wifi_ctrl.o obj/color_convert.o obj/v4l2.o obj/v4l2h264dec.o obj/ffmpegprocess.o obj/mythread.o obj/cyclebuffer.o
#  Implicit rule search has not been done.
#  Modification time never checked.
#  File has not been updated.
#  recipe to execute (from 'makefile', line 44):
	$(MIPSGCC) -Wall -o $(TARGET) $^   -L/home/nick/M300/usr/lib -lpthread -lz -lssl -lcrypto -ldrm -lavcodec -lavformat  -lavutil -lswscale -lswresample -lstdc++

obj/wifi_ctrl.o: wifi_ctrl.c
#  Implicit rule search has not been done.
#  Implicit/static pattern stem: 'wifi_ctrl'
#  Modification time never checked.
#  File has not been updated.
#  recipe to execute (from 'makefile', line 46):
	$(MIPSGCC) -c $(INCLUDE) -o $@ $<

obj/main.o: main.c
#  Implicit rule search has not been done.
#  Implicit/static pattern stem: 'main'
#  Modification time never checked.
#  File has not been updated.
#  recipe to execute (from 'makefile', line 46):
	$(MIPSGCC) -c $(INCLUDE) -o $@ $<

obj/ffmpegprocess.o: ffmpegprocess.cpp
#  Implicit rule search has not been done.
#  Implicit/static pattern stem: 'ffmpegprocess'
#  Modification time never checked.
#  File has not been updated.
#  recipe to execute (from 'makefile', line 48):
	$(MIPSGCC) -c $(INCLUDE) -o $@ $< -lstdc++

# Not a target:
v4l2h264dec.c:
#  Implicit rule search has not been done.
#  Modification time never checked.
#  File has not been updated.

# Not a target:
makefile:
#  Implicit rule search has been done.
#  Last modified 2022-05-27 14:45:09.870401296
#  File has been updated.
#  Successfully updated.

obj/v4l2h264dec.o: v4l2h264dec.c
#  Implicit rule search has not been done.
#  Implicit/static pattern stem: 'v4l2h264dec'
#  Modification time never checked.
#  File has not been updated.
#  recipe to execute (from 'makefile', line 46):
	$(MIPSGCC) -c $(INCLUDE) -o $@ $<

# Not a target:
color_convert.c:
#  Implicit rule search has not been done.
#  Modification time never checked.
#  File has not been updated.

obj/cyclebuffer.o: cyclebuffer.cpp
#  Implicit rule search has not been done.
#  Implicit/static pattern stem: 'cyclebuffer'
#  Modification time never checked.
#  File has not been updated.
#  recipe to execute (from 'makefile', line 48):
	$(MIPSGCC) -c $(INCLUDE) -o $@ $< -lstdc++

# Not a target:
ffmpegprocess.cpp:
#  Implicit rule search has not been done.
#  Modification time never checked.
#  File has not been updated.

# Not a target:
.DEFAULT:
#  Implicit rule search has not been done.
#  Modification time never checked.
#  File has not been updated.

obj/mythread.o: mythread.cpp
#  Implicit rule search has not been done.
#  Implicit/static pattern stem: 'mythread'
#  Modification time never checked.
#  File has not been updated.
#  recipe to execute (from 'makefile', line 48):
	$(MIPSGCC) -c $(INCLUDE) -o $@ $< -lstdc++

clean:
#  Phony target (prerequisite of .PHONY).
#  Implicit rule search has not been done.
#  File does not exist.
#  File has not been updated.
#  recipe to execute (from 'makefile', line 51):
	rm -rf  $(TARGET) $(OBJS)

# Not a target:
v4l2.c:
#  Implicit rule search has not been done.
#  Modification time never checked.
#  File has not been updated.

obj/v4l2.o: v4l2.c
#  Implicit rule search has not been done.
#  Implicit/static pattern stem: 'v4l2'
#  Modification time never checked.
#  File has not been updated.
#  recipe to execute (from 'makefile', line 46):
	$(MIPSGCC) -c $(INCLUDE) -o $@ $<

# Not a target:
mythread.cpp:
#  Implicit rule search has not been done.
#  Modification time never checked.
#  File has not been updated.

# Not a target:
cyclebuffer.cpp:
#  Implicit rule search has not been done.
#  Modification time never checked.
#  File has not been updated.

obj/color_convert.o: color_convert.c
#  Implicit rule search has not been done.
#  Implicit/static pattern stem: 'color_convert'
#  Modification time never checked.
#  File has not been updated.
#  recipe to execute (from 'makefile', line 46):
	$(MIPSGCC) -c $(INCLUDE) -o $@ $<

# files hash-table stats:
# Load=23/1024=2%, Rehash=0, Collisions=5/64=8%
# VPATH Search Paths

# No 'vpath' search paths.

# General ('VPATH' variable) search path:
# project:ffmpeg:mylib:v4l2dec

# strcache buffers: 1 (0) / strings = 54 / storage = 572 B / avg = 10 B
# current buf: size = 8162 B / used = 572 B / count = 54 / avg = 10 B

# strcache performance: lookups = 104 / hit rate = 48%
# hash-table stats:
# Load=54/8192=1%, Rehash=0, Collisions=5/104=5%
# Finished Make data base on Fri May 27 14:46:14 2022

 
